-------------------------------------------------------------------------------
>Log Session: Thursday, May 16, 2019 12:27:52 AM CEST
>System Info: 
  Product Version         = NetBeans Platform 8.2 (Build 201609300101)
  Operating System        = Windows 10 version 10.0 running on amd64
  Java; VM; Vendor        = 1.8.0_181; Java HotSpot(TM) 64-Bit Server VM 25.181-b13; Oracle Corporation
  Runtime                 = Java(TM) SE Runtime Environment 1.8.0_181-b13
  Java Home               = D:\Program Files\Java\jdk1.8.0_181\jre
  System Locale; Encoding = da_DK (asteroidsnetbeans); Cp1252
  Home Directory          = C:\Users\Pottemuld
  Current Directory       = C:\Users\Pottemuld\Documents\GitHub\4SemExer\Lasse\AsteroidsNetBeans\application\target\asteroidsnetbeans
  User Directory          = C:\Users\Pottemuld\Documents\GitHub\4SemExer\Lasse\AsteroidsNetBeans\application\target\userdir
  Cache Directory         = C:\Users\Pottemuld\Documents\GitHub\4SemExer\Lasse\AsteroidsNetBeans\application\target\userdir\var\cache
  Installation            = C:\Users\Pottemuld\Documents\GitHub\4SemExer\Lasse\AsteroidsNetBeans\application\target\asteroidsnetbeans\asteroidsnetbeans
                            C:\Users\Pottemuld\Documents\GitHub\4SemExer\Lasse\AsteroidsNetBeans\application\target\asteroidsnetbeans\bin
                            C:\Users\Pottemuld\Documents\GitHub\4SemExer\Lasse\AsteroidsNetBeans\application\target\asteroidsnetbeans\etc
                            C:\Users\Pottemuld\Documents\GitHub\4SemExer\Lasse\AsteroidsNetBeans\application\target\asteroidsnetbeans\platform
                            C:\Users\Pottemuld\Documents\GitHub\4SemExer\Lasse\AsteroidsNetBeans\application\target\asteroidsnetbeans\platform
  Boot & Ext. Classpath   = D:\Program Files\Java\jdk1.8.0_181\jre\lib\resources.jar;D:\Program Files\Java\jdk1.8.0_181\jre\lib\rt.jar;D:\Program Files\Java\jdk1.8.0_181\jre\lib\sunrsasign.jar;D:\Program Files\Java\jdk1.8.0_181\jre\lib\jsse.jar;D:\Program Files\Java\jdk1.8.0_181\jre\lib\jce.jar;D:\Program Files\Java\jdk1.8.0_181\jre\lib\charsets.jar;D:\Program Files\Java\jdk1.8.0_181\jre\lib\jfr.jar;D:\Program Files\Java\jdk1.8.0_181\jre\classes;D:\Program Files\Java\jdk1.8.0_181\jre\lib\ext\access-bridge-64.jar;D:\Program Files\Java\jdk1.8.0_181\jre\lib\ext\cldrdata.jar;D:\Program Files\Java\jdk1.8.0_181\jre\lib\ext\dnsns.jar;D:\Program Files\Java\jdk1.8.0_181\jre\lib\ext\jaccess.jar;D:\Program Files\Java\jdk1.8.0_181\jre\lib\ext\jfxrt.jar;D:\Program Files\Java\jdk1.8.0_181\jre\lib\ext\localedata.jar;D:\Program Files\Java\jdk1.8.0_181\jre\lib\ext\nashorn.jar;D:\Program Files\Java\jdk1.8.0_181\jre\lib\ext\sunec.jar;D:\Program Files\Java\jdk1.8.0_181\jre\lib\ext\sunjce_provider.jar;D:\Program Files\Java\jdk1.8.0_181\jre\lib\ext\sunmscapi.jar;D:\Program Files\Java\jdk1.8.0_181\jre\lib\ext\sunpkcs11.jar;D:\Program Files\Java\jdk1.8.0_181\jre\lib\ext\zipfs.jar
  Application Classpath   = C:\Users\Pottemuld\Documents\GitHub\4SemExer\Lasse\AsteroidsNetBeans\application\target\asteroidsnetbeans\platform\lib\boot.jar;C:\Users\Pottemuld\Documents\GitHub\4SemExer\Lasse\AsteroidsNetBeans\application\target\asteroidsnetbeans\platform\lib\org-openide-modules.jar;C:\Users\Pottemuld\Documents\GitHub\4SemExer\Lasse\AsteroidsNetBeans\application\target\asteroidsnetbeans\platform\lib\org-openide-util-lookup.jar;C:\Users\Pottemuld\Documents\GitHub\4SemExer\Lasse\AsteroidsNetBeans\application\target\asteroidsnetbeans\platform\lib\org-openide-util-ui.jar;C:\Users\Pottemuld\Documents\GitHub\4SemExer\Lasse\AsteroidsNetBeans\application\target\asteroidsnetbeans\platform\lib\org-openide-util.jar;C:\Users\Pottemuld\Documents\GitHub\4SemExer\Lasse\AsteroidsNetBeans\application\target\asteroidsnetbeans\platform\lib\locale\boot_ja.jar;C:\Users\Pottemuld\Documents\GitHub\4SemExer\Lasse\AsteroidsNetBeans\application\target\asteroidsnetbeans\platform\lib\locale\boot_pt_BR.jar;C:\Users\Pottemuld\Documents\GitHub\4SemExer\Lasse\AsteroidsNetBeans\application\target\asteroidsnetbeans\platform\lib\locale\boot_ru.jar;C:\Users\Pottemuld\Documents\GitHub\4SemExer\Lasse\AsteroidsNetBeans\application\target\asteroidsnetbeans\platform\lib\locale\boot_zh_CN.jar;C:\Users\Pottemuld\Documents\GitHub\4SemExer\Lasse\AsteroidsNetBeans\application\target\asteroidsnetbeans\platform\lib\locale\org-openide-modules_ja.jar;C:\Users\Pottemuld\Documents\GitHub\4SemExer\Lasse\AsteroidsNetBeans\application\target\asteroidsnetbeans\platform\lib\locale\org-openide-modules_pt_BR.jar;C:\Users\Pottemuld\Documents\GitHub\4SemExer\Lasse\AsteroidsNetBeans\application\target\asteroidsnetbeans\platform\lib\locale\org-openide-modules_ru.jar;C:\Users\Pottemuld\Documents\GitHub\4SemExer\Lasse\AsteroidsNetBeans\application\target\asteroidsnetbeans\platform\lib\locale\org-openide-modules_zh_CN.jar;C:\Users\Pottemuld\Documents\GitHub\4SemExer\Lasse\AsteroidsNetBeans\application\target\asteroidsnetbeans\platform\lib\locale\org-openide-util-lookup_ja.jar;C:\Users\Pottemuld\Documents\GitHub\4SemExer\Lasse\AsteroidsNetBeans\application\target\asteroidsnetbeans\platform\lib\locale\org-openide-util-lookup_pt_BR.jar;C:\Users\Pottemuld\Documents\GitHub\4SemExer\Lasse\AsteroidsNetBeans\application\target\asteroidsnetbeans\platform\lib\locale\org-openide-util-lookup_ru.jar;C:\Users\Pottemuld\Documents\GitHub\4SemExer\Lasse\AsteroidsNetBeans\application\target\asteroidsnetbeans\platform\lib\locale\org-openide-util-lookup_zh_CN.jar;C:\Users\Pottemuld\Documents\GitHub\4SemExer\Lasse\AsteroidsNetBeans\application\target\asteroidsnetbeans\platform\lib\locale\org-openide-util-ui_ja.jar;C:\Users\Pottemuld\Documents\GitHub\4SemExer\Lasse\AsteroidsNetBeans\application\target\asteroidsnetbeans\platform\lib\locale\org-openide-util-ui_pt_BR.jar;C:\Users\Pottemuld\Documents\GitHub\4SemExer\Lasse\AsteroidsNetBeans\application\target\asteroidsnetbeans\platform\lib\locale\org-openide-util-ui_ru.jar;C:\Users\Pottemuld\Documents\GitHub\4SemExer\Lasse\AsteroidsNetBeans\application\target\asteroidsnetbeans\platform\lib\locale\org-openide-util-ui_zh_CN.jar;C:\Users\Pottemuld\Documents\GitHub\4SemExer\Lasse\AsteroidsNetBeans\application\target\asteroidsnetbeans\platform\lib\locale\org-openide-util_ja.jar;C:\Users\Pottemuld\Documents\GitHub\4SemExer\Lasse\AsteroidsNetBeans\application\target\asteroidsnetbeans\platform\lib\locale\org-openide-util_pt_BR.jar;C:\Users\Pottemuld\Documents\GitHub\4SemExer\Lasse\AsteroidsNetBeans\application\target\asteroidsnetbeans\platform\lib\locale\org-openide-util_ru.jar;C:\Users\Pottemuld\Documents\GitHub\4SemExer\Lasse\AsteroidsNetBeans\application\target\asteroidsnetbeans\platform\lib\locale\org-openide-util_zh_CN.jar;D:\Program Files\Java\jdk1.8.0_181\lib\dt.jar;D:\Program Files\Java\jdk1.8.0_181\lib\tools.jar
  Startup Classpath       = C:\Users\Pottemuld\Documents\GitHub\4SemExer\Lasse\AsteroidsNetBeans\application\target\asteroidsnetbeans\platform\core\asm-all-5.0.1.jar;C:\Users\Pottemuld\Documents\GitHub\4SemExer\Lasse\AsteroidsNetBeans\application\target\asteroidsnetbeans\platform\core\core-base.jar;C:\Users\Pottemuld\Documents\GitHub\4SemExer\Lasse\AsteroidsNetBeans\application\target\asteroidsnetbeans\platform\core\core.jar;C:\Users\Pottemuld\Documents\GitHub\4SemExer\Lasse\AsteroidsNetBeans\application\target\asteroidsnetbeans\platform\core\org-netbeans-libs-asm.jar;C:\Users\Pottemuld\Documents\GitHub\4SemExer\Lasse\AsteroidsNetBeans\application\target\asteroidsnetbeans\platform\core\org-openide-filesystems.jar;C:\Users\Pottemuld\Documents\GitHub\4SemExer\Lasse\AsteroidsNetBeans\application\target\asteroidsnetbeans\platform\core\locale\core-base_ja.jar;C:\Users\Pottemuld\Documents\GitHub\4SemExer\Lasse\AsteroidsNetBeans\application\target\asteroidsnetbeans\platform\core\locale\core-base_pt_BR.jar;C:\Users\Pottemuld\Documents\GitHub\4SemExer\Lasse\AsteroidsNetBeans\application\target\asteroidsnetbeans\platform\core\locale\core-base_ru.jar;C:\Users\Pottemuld\Documents\GitHub\4SemExer\Lasse\AsteroidsNetBeans\application\target\asteroidsnetbeans\platform\core\locale\core-base_zh_CN.jar;C:\Users\Pottemuld\Documents\GitHub\4SemExer\Lasse\AsteroidsNetBeans\application\target\asteroidsnetbeans\platform\core\locale\core_ja.jar;C:\Users\Pottemuld\Documents\GitHub\4SemExer\Lasse\AsteroidsNetBeans\application\target\asteroidsnetbeans\platform\core\locale\core_pt_BR.jar;C:\Users\Pottemuld\Documents\GitHub\4SemExer\Lasse\AsteroidsNetBeans\application\target\asteroidsnetbeans\platform\core\locale\core_ru.jar;C:\Users\Pottemuld\Documents\GitHub\4SemExer\Lasse\AsteroidsNetBeans\application\target\asteroidsnetbeans\platform\core\locale\core_zh_CN.jar;C:\Users\Pottemuld\Documents\GitHub\4SemExer\Lasse\AsteroidsNetBeans\application\target\asteroidsnetbeans\platform\core\locale\org-netbeans-libs-asm_ja.jar;C:\Users\Pottemuld\Documents\GitHub\4SemExer\Lasse\AsteroidsNetBeans\application\target\asteroidsnetbeans\platform\core\locale\org-netbeans-libs-asm_pt_BR.jar;C:\Users\Pottemuld\Documents\GitHub\4SemExer\Lasse\AsteroidsNetBeans\application\target\asteroidsnetbeans\platform\core\locale\org-netbeans-libs-asm_ru.jar;C:\Users\Pottemuld\Documents\GitHub\4SemExer\Lasse\AsteroidsNetBeans\application\target\asteroidsnetbeans\platform\core\locale\org-netbeans-libs-asm_zh_CN.jar;C:\Users\Pottemuld\Documents\GitHub\4SemExer\Lasse\AsteroidsNetBeans\application\target\asteroidsnetbeans\platform\core\locale\org-openide-filesystems_ja.jar;C:\Users\Pottemuld\Documents\GitHub\4SemExer\Lasse\AsteroidsNetBeans\application\target\asteroidsnetbeans\platform\core\locale\org-openide-filesystems_pt_BR.jar;C:\Users\Pottemuld\Documents\GitHub\4SemExer\Lasse\AsteroidsNetBeans\application\target\asteroidsnetbeans\platform\core\locale\org-openide-filesystems_ru.jar;C:\Users\Pottemuld\Documents\GitHub\4SemExer\Lasse\AsteroidsNetBeans\application\target\asteroidsnetbeans\platform\core\locale\org-openide-filesystems_zh_CN.jar
-------------------------------------------------------------------------------
INFO [org.netbeans.core.startup.NbEvents]: Module patch or custom extension: C:\Users\Pottemuld\Documents\GitHub\4SemExer\Lasse\AsteroidsNetBeans\application\target\asteroidsnetbeans\..\..\..\Common\target\classes
INFO [org.netbeans.core.startup.NbEvents]: Module patch or custom extension: C:\Users\Pottemuld\Documents\GitHub\4SemExer\Lasse\AsteroidsNetBeans\application\target\asteroidsnetbeans\..\..\..\Player\target\classes
INFO [org.netbeans.core.startup.NbEvents]: Module patch or custom extension: C:\Users\Pottemuld\Documents\GitHub\4SemExer\Lasse\AsteroidsNetBeans\application\target\asteroidsnetbeans\..\..\..\Core\target\classes
INFO [org.springframework.context.support.ClassPathXmlApplicationContext]: Refreshing org.springframework.context.support.ClassPathXmlApplicationContext@24f850cc: startup date [Thu May 16 00:27:52 CEST 2019]; root of context hierarchy
INFO [org.springframework.beans.factory.xml.XmlBeanDefinitionReader]: Loading XML bean definitions from class path resource [playerBeanConfig.xml]
INFO [org.netbeans.core.startup.NbEvents]: Turning on modules:
	org.openide.util.lookup [8.33.1 201609300101]
	org.openide.util [9.7.1 201609300101]
	org.openide.util.ui [9.6.1 201609300101]
	org.openide.modules [7.48.1 201609300101]
	org.netbeans.api.annotations.common/1 [1.27.1 201609300101]
	sdu.lafis17.netbeanslab.Common [1.0.1 1.0.1-20190515 201905152227]
	sdu.lafis17.netbeanslab.Player [1.0.1 1.0.1-20190515 201905152227]
	sdu.lafis17.netbeanslab.Core [1.0.1 1.0.1-20190515 201905152227]
	org.openide.filesystems [9.10.1 201609300101]
	org.netbeans.libs.asm [5.3.1 201609300101]
	org.netbeans.core.startup.base [1.62.1.1 1 201609300101]
	org.netbeans.bootstrap/1 [2.76.1 201609300101]
	org.netbeans.core.startup/1 [1.62.1.1 201609300101]
