-------------------------------------------------------------------------------
>Log Session: Thursday, May 16, 2019 3:03:45 AM CEST
>System Info: 
  Product Version         = NetBeans Platform 8.2 (Build 201609300101)
  Operating System        = Windows 10 version 10.0 running on amd64
  Java; VM; Vendor        = 1.8.0_201; Java HotSpot(TM) 64-Bit Server VM 25.201-b09; Oracle Corporation
  Runtime                 = Java(TM) SE Runtime Environment 1.8.0_201-b09
  Java Home               = C:\Program Files\Java\jdk1.8.0_201\jre
  System Locale; Encoding = en_US (asteroidsnetbeanslab); Cp1252
  Home Directory          = C:\Users\pvies
  Current Directory       = C:\Users\pvies\Dropbox\SDU\SE\4. Semester\Netbeans\4SemExer\Patrick\KOM\Asteroids_SpringLab\application\target\asteroidsnetbeanslab
  User Directory          = C:\Users\pvies\Dropbox\SDU\SE\4. Semester\Netbeans\4SemExer\Patrick\KOM\Asteroids_SpringLab\application\target\userdir
  Cache Directory         = C:\Users\pvies\Dropbox\SDU\SE\4. Semester\Netbeans\4SemExer\Patrick\KOM\Asteroids_SpringLab\application\target\userdir\var\cache
  Installation            = C:\Users\pvies\Dropbox\SDU\SE\4. Semester\Netbeans\4SemExer\Patrick\KOM\Asteroids_SpringLab\application\target\asteroidsnetbeanslab\asteroidsnetbeanslab
                            C:\Users\pvies\Dropbox\SDU\SE\4. Semester\Netbeans\4SemExer\Patrick\KOM\Asteroids_SpringLab\application\target\asteroidsnetbeanslab\bin
                            C:\Users\pvies\Dropbox\SDU\SE\4. Semester\Netbeans\4SemExer\Patrick\KOM\Asteroids_SpringLab\application\target\asteroidsnetbeanslab\etc
                            C:\Users\pvies\Dropbox\SDU\SE\4. Semester\Netbeans\4SemExer\Patrick\KOM\Asteroids_SpringLab\application\target\asteroidsnetbeanslab\platform
                            C:\Users\pvies\Dropbox\SDU\SE\4. Semester\Netbeans\4SemExer\Patrick\KOM\Asteroids_SpringLab\application\target\asteroidsnetbeanslab\platform
  Boot & Ext. Classpath   = C:\Program Files\Java\jdk1.8.0_201\jre\lib\resources.jar;C:\Program Files\Java\jdk1.8.0_201\jre\lib\rt.jar;C:\Program Files\Java\jdk1.8.0_201\jre\lib\sunrsasign.jar;C:\Program Files\Java\jdk1.8.0_201\jre\lib\jsse.jar;C:\Program Files\Java\jdk1.8.0_201\jre\lib\jce.jar;C:\Program Files\Java\jdk1.8.0_201\jre\lib\charsets.jar;C:\Program Files\Java\jdk1.8.0_201\jre\lib\jfr.jar;C:\Program Files\Java\jdk1.8.0_201\jre\classes;C:\Program Files\Java\jdk1.8.0_201\jre\lib\ext\access-bridge-64.jar;C:\Program Files\Java\jdk1.8.0_201\jre\lib\ext\cldrdata.jar;C:\Program Files\Java\jdk1.8.0_201\jre\lib\ext\dnsns.jar;C:\Program Files\Java\jdk1.8.0_201\jre\lib\ext\jaccess.jar;C:\Program Files\Java\jdk1.8.0_201\jre\lib\ext\jfxrt.jar;C:\Program Files\Java\jdk1.8.0_201\jre\lib\ext\localedata.jar;C:\Program Files\Java\jdk1.8.0_201\jre\lib\ext\nashorn.jar;C:\Program Files\Java\jdk1.8.0_201\jre\lib\ext\sunec.jar;C:\Program Files\Java\jdk1.8.0_201\jre\lib\ext\sunjce_provider.jar;C:\Program Files\Java\jdk1.8.0_201\jre\lib\ext\sunmscapi.jar;C:\Program Files\Java\jdk1.8.0_201\jre\lib\ext\sunpkcs11.jar;C:\Program Files\Java\jdk1.8.0_201\jre\lib\ext\zipfs.jar
  Application Classpath   = C:\Users\pvies\Dropbox\SDU\SE\4. Semester\Netbeans\4SemExer\Patrick\KOM\Asteroids_SpringLab\application\target\asteroidsnetbeanslab\platform\lib\boot.jar;C:\Users\pvies\Dropbox\SDU\SE\4. Semester\Netbeans\4SemExer\Patrick\KOM\Asteroids_SpringLab\application\target\asteroidsnetbeanslab\platform\lib\org-openide-modules.jar;C:\Users\pvies\Dropbox\SDU\SE\4. Semester\Netbeans\4SemExer\Patrick\KOM\Asteroids_SpringLab\application\target\asteroidsnetbeanslab\platform\lib\org-openide-util-lookup.jar;C:\Users\pvies\Dropbox\SDU\SE\4. Semester\Netbeans\4SemExer\Patrick\KOM\Asteroids_SpringLab\application\target\asteroidsnetbeanslab\platform\lib\org-openide-util-ui.jar;C:\Users\pvies\Dropbox\SDU\SE\4. Semester\Netbeans\4SemExer\Patrick\KOM\Asteroids_SpringLab\application\target\asteroidsnetbeanslab\platform\lib\org-openide-util.jar;C:\Users\pvies\Dropbox\SDU\SE\4. Semester\Netbeans\4SemExer\Patrick\KOM\Asteroids_SpringLab\application\target\asteroidsnetbeanslab\platform\lib\locale\boot_ja.jar;C:\Users\pvies\Dropbox\SDU\SE\4. Semester\Netbeans\4SemExer\Patrick\KOM\Asteroids_SpringLab\application\target\asteroidsnetbeanslab\platform\lib\locale\boot_pt_BR.jar;C:\Users\pvies\Dropbox\SDU\SE\4. Semester\Netbeans\4SemExer\Patrick\KOM\Asteroids_SpringLab\application\target\asteroidsnetbeanslab\platform\lib\locale\boot_ru.jar;C:\Users\pvies\Dropbox\SDU\SE\4. Semester\Netbeans\4SemExer\Patrick\KOM\Asteroids_SpringLab\application\target\asteroidsnetbeanslab\platform\lib\locale\boot_zh_CN.jar;C:\Users\pvies\Dropbox\SDU\SE\4. Semester\Netbeans\4SemExer\Patrick\KOM\Asteroids_SpringLab\application\target\asteroidsnetbeanslab\platform\lib\locale\org-openide-modules_ja.jar;C:\Users\pvies\Dropbox\SDU\SE\4. Semester\Netbeans\4SemExer\Patrick\KOM\Asteroids_SpringLab\application\target\asteroidsnetbeanslab\platform\lib\locale\org-openide-modules_pt_BR.jar;C:\Users\pvies\Dropbox\SDU\SE\4. Semester\Netbeans\4SemExer\Patrick\KOM\Asteroids_SpringLab\application\target\asteroidsnetbeanslab\platform\lib\locale\org-openide-modules_ru.jar;C:\Users\pvies\Dropbox\SDU\SE\4. Semester\Netbeans\4SemExer\Patrick\KOM\Asteroids_SpringLab\application\target\asteroidsnetbeanslab\platform\lib\locale\org-openide-modules_zh_CN.jar;C:\Users\pvies\Dropbox\SDU\SE\4. Semester\Netbeans\4SemExer\Patrick\KOM\Asteroids_SpringLab\application\target\asteroidsnetbeanslab\platform\lib\locale\org-openide-util-lookup_ja.jar;C:\Users\pvies\Dropbox\SDU\SE\4. Semester\Netbeans\4SemExer\Patrick\KOM\Asteroids_SpringLab\application\target\asteroidsnetbeanslab\platform\lib\locale\org-openide-util-lookup_pt_BR.jar;C:\Users\pvies\Dropbox\SDU\SE\4. Semester\Netbeans\4SemExer\Patrick\KOM\Asteroids_SpringLab\application\target\asteroidsnetbeanslab\platform\lib\locale\org-openide-util-lookup_ru.jar;C:\Users\pvies\Dropbox\SDU\SE\4. Semester\Netbeans\4SemExer\Patrick\KOM\Asteroids_SpringLab\application\target\asteroidsnetbeanslab\platform\lib\locale\org-openide-util-lookup_zh_CN.jar;C:\Users\pvies\Dropbox\SDU\SE\4. Semester\Netbeans\4SemExer\Patrick\KOM\Asteroids_SpringLab\application\target\asteroidsnetbeanslab\platform\lib\locale\org-openide-util-ui_ja.jar;C:\Users\pvies\Dropbox\SDU\SE\4. Semester\Netbeans\4SemExer\Patrick\KOM\Asteroids_SpringLab\application\target\asteroidsnetbeanslab\platform\lib\locale\org-openide-util-ui_pt_BR.jar;C:\Users\pvies\Dropbox\SDU\SE\4. Semester\Netbeans\4SemExer\Patrick\KOM\Asteroids_SpringLab\application\target\asteroidsnetbeanslab\platform\lib\locale\org-openide-util-ui_ru.jar;C:\Users\pvies\Dropbox\SDU\SE\4. Semester\Netbeans\4SemExer\Patrick\KOM\Asteroids_SpringLab\application\target\asteroidsnetbeanslab\platform\lib\locale\org-openide-util-ui_zh_CN.jar;C:\Users\pvies\Dropbox\SDU\SE\4. Semester\Netbeans\4SemExer\Patrick\KOM\Asteroids_SpringLab\application\target\asteroidsnetbeanslab\platform\lib\locale\org-openide-util_ja.jar;C:\Users\pvies\Dropbox\SDU\SE\4. Semester\Netbeans\4SemExer\Patrick\KOM\Asteroids_SpringLab\application\target\asteroidsnetbeanslab\platform\lib\locale\org-openide-util_pt_BR.jar;C:\Users\pvies\Dropbox\SDU\SE\4. Semester\Netbeans\4SemExer\Patrick\KOM\Asteroids_SpringLab\application\target\asteroidsnetbeanslab\platform\lib\locale\org-openide-util_ru.jar;C:\Users\pvies\Dropbox\SDU\SE\4. Semester\Netbeans\4SemExer\Patrick\KOM\Asteroids_SpringLab\application\target\asteroidsnetbeanslab\platform\lib\locale\org-openide-util_zh_CN.jar;C:\Program Files\Java\jdk1.8.0_201\lib\dt.jar;C:\Program Files\Java\jdk1.8.0_201\lib\tools.jar
  Startup Classpath       = C:\Users\pvies\Dropbox\SDU\SE\4. Semester\Netbeans\4SemExer\Patrick\KOM\Asteroids_SpringLab\application\target\asteroidsnetbeanslab\platform\core\asm-all-5.0.1.jar;C:\Users\pvies\Dropbox\SDU\SE\4. Semester\Netbeans\4SemExer\Patrick\KOM\Asteroids_SpringLab\application\target\asteroidsnetbeanslab\platform\core\core-base.jar;C:\Users\pvies\Dropbox\SDU\SE\4. Semester\Netbeans\4SemExer\Patrick\KOM\Asteroids_SpringLab\application\target\asteroidsnetbeanslab\platform\core\core.jar;C:\Users\pvies\Dropbox\SDU\SE\4. Semester\Netbeans\4SemExer\Patrick\KOM\Asteroids_SpringLab\application\target\asteroidsnetbeanslab\platform\core\org-netbeans-libs-asm.jar;C:\Users\pvies\Dropbox\SDU\SE\4. Semester\Netbeans\4SemExer\Patrick\KOM\Asteroids_SpringLab\application\target\asteroidsnetbeanslab\platform\core\org-openide-filesystems.jar;C:\Users\pvies\Dropbox\SDU\SE\4. Semester\Netbeans\4SemExer\Patrick\KOM\Asteroids_SpringLab\application\target\asteroidsnetbeanslab\platform\core\locale\core-base_ja.jar;C:\Users\pvies\Dropbox\SDU\SE\4. Semester\Netbeans\4SemExer\Patrick\KOM\Asteroids_SpringLab\application\target\asteroidsnetbeanslab\platform\core\locale\core-base_pt_BR.jar;C:\Users\pvies\Dropbox\SDU\SE\4. Semester\Netbeans\4SemExer\Patrick\KOM\Asteroids_SpringLab\application\target\asteroidsnetbeanslab\platform\core\locale\core-base_ru.jar;C:\Users\pvies\Dropbox\SDU\SE\4. Semester\Netbeans\4SemExer\Patrick\KOM\Asteroids_SpringLab\application\target\asteroidsnetbeanslab\platform\core\locale\core-base_zh_CN.jar;C:\Users\pvies\Dropbox\SDU\SE\4. Semester\Netbeans\4SemExer\Patrick\KOM\Asteroids_SpringLab\application\target\asteroidsnetbeanslab\platform\core\locale\core_ja.jar;C:\Users\pvies\Dropbox\SDU\SE\4. Semester\Netbeans\4SemExer\Patrick\KOM\Asteroids_SpringLab\application\target\asteroidsnetbeanslab\platform\core\locale\core_pt_BR.jar;C:\Users\pvies\Dropbox\SDU\SE\4. Semester\Netbeans\4SemExer\Patrick\KOM\Asteroids_SpringLab\application\target\asteroidsnetbeanslab\platform\core\locale\core_ru.jar;C:\Users\pvies\Dropbox\SDU\SE\4. Semester\Netbeans\4SemExer\Patrick\KOM\Asteroids_SpringLab\application\target\asteroidsnetbeanslab\platform\core\locale\core_zh_CN.jar;C:\Users\pvies\Dropbox\SDU\SE\4. Semester\Netbeans\4SemExer\Patrick\KOM\Asteroids_SpringLab\application\target\asteroidsnetbeanslab\platform\core\locale\org-netbeans-libs-asm_ja.jar;C:\Users\pvies\Dropbox\SDU\SE\4. Semester\Netbeans\4SemExer\Patrick\KOM\Asteroids_SpringLab\application\target\asteroidsnetbeanslab\platform\core\locale\org-netbeans-libs-asm_pt_BR.jar;C:\Users\pvies\Dropbox\SDU\SE\4. Semester\Netbeans\4SemExer\Patrick\KOM\Asteroids_SpringLab\application\target\asteroidsnetbeanslab\platform\core\locale\org-netbeans-libs-asm_ru.jar;C:\Users\pvies\Dropbox\SDU\SE\4. Semester\Netbeans\4SemExer\Patrick\KOM\Asteroids_SpringLab\application\target\asteroidsnetbeanslab\platform\core\locale\org-netbeans-libs-asm_zh_CN.jar;C:\Users\pvies\Dropbox\SDU\SE\4. Semester\Netbeans\4SemExer\Patrick\KOM\Asteroids_SpringLab\application\target\asteroidsnetbeanslab\platform\core\locale\org-openide-filesystems_ja.jar;C:\Users\pvies\Dropbox\SDU\SE\4. Semester\Netbeans\4SemExer\Patrick\KOM\Asteroids_SpringLab\application\target\asteroidsnetbeanslab\platform\core\locale\org-openide-filesystems_pt_BR.jar;C:\Users\pvies\Dropbox\SDU\SE\4. Semester\Netbeans\4SemExer\Patrick\KOM\Asteroids_SpringLab\application\target\asteroidsnetbeanslab\platform\core\locale\org-openide-filesystems_ru.jar;C:\Users\pvies\Dropbox\SDU\SE\4. Semester\Netbeans\4SemExer\Patrick\KOM\Asteroids_SpringLab\application\target\asteroidsnetbeanslab\platform\core\locale\org-openide-filesystems_zh_CN.jar
-------------------------------------------------------------------------------
INFO [org.netbeans.core.startup.NbEvents]: Module patch or custom extension: C:\Users\pvies\Dropbox\SDU\SE\4. Semester\Netbeans\4SemExer\Patrick\KOM\Asteroids_SpringLab\application\target\asteroidsnetbeanslab\..\..\..\SilentUpdate\target\classes
INFO [org.netbeans.core.modules]: Using file:/C:/Users/pvies/Dropbox/SDU/SE/4.%20Semester/Netbeans/4SemExer/Patrick/KOM/Asteroids_SpringLab/application/target/asteroidsnetbeanslab/../../../SilentUpdate/target/classes/sem4/silentupdate/layer.xml as layer for sem4.SilentUpdate not jar:file:/C:/Users/pvies/Dropbox/SDU/SE/4.%20Semester/Netbeans/4SemExer/Patrick/KOM/Asteroids_SpringLab/application/target/asteroidsnetbeanslab/asteroidsnetbeanslab/modules/sem4-SilentUpdate.jar!/sem4/silentupdate/layer.xml
INFO [org.netbeans.core.startup.NbEvents]: Turning on modules:
	org.openide.util.lookup [8.33.1 201609300101]
	org.openide.util [9.7.1 201609300101]
	org.openide.util.ui [9.6.1 201609300101]
	org.openide.modules [7.48.1 201609300101]
	org.netbeans.api.progress/1 [1.47.1 201609300101]
	org.openide.filesystems [9.10.1 201609300101]
	org.netbeans.libs.asm [5.3.1 201609300101]
	org.netbeans.bootstrap/1 [2.76.1 201609300101]
	org.netbeans.core.startup.base [1.62.1.1 1 201609300101]
	org.netbeans.core.startup/1 [1.62.1.1 201609300101]
	org.netbeans.api.annotations.common/1 [1.27.1 201609300101]
	org.openide.awt [7.67.1 201609300101]
	org.netbeans.api.progress.nb [1.47.1 201609300101]
	org.netbeans.modules.autoupdate.services [1.52.1 201609300101]
	org.netbeans.api.intent [1.2.1 201609300101]
	org.netbeans.api.io [1.3.1 201609300101]
	org.openide.io [1.49.1 201609300101]
	sem4.SilentUpdate [1.0 1.0-20190516 201905160102]
INFO [org.netbeans.core.startup.layers.BinaryFS]: value = sem4.silentupdate.Bundle#Services/AutoupdateType/org_netbeans_modules_autoupdate_silentupdate_update_center.instance from Services/AutoupdateType/org_netbeans_modules_autoupdate_silentupdate_update_center.instance
java.util.MissingResourceException: Can't find resource for bundle org.openide.util.NbBundle$PBundle, key Services/AutoupdateType/org_netbeans_modules_autoupdate_silentupdate_update_center.instance
	at java.util.ResourceBundle.getObject(ResourceBundle.java:450)
[catch] at org.netbeans.core.startup.layers.BinaryFS$AttrImpl.getValue(BinaryFS.java:719)
	at org.netbeans.core.startup.layers.BinaryFS$BFSBase.getAttribute(BinaryFS.java:549)
	at org.openide.filesystems.MultiFileObject.getAttribute(MultiFileObject.java:944)
	at org.openide.filesystems.MultiFileObject.getAttribute(MultiFileObject.java:877)
	at org.openide.filesystems.MultiFileObject.getAttribute(MultiFileObject.java:940)
	at org.openide.filesystems.MultiFileObject.getAttribute(MultiFileObject.java:877)
	at org.openide.filesystems.MultiFileObject.getAttribute(MultiFileObject.java:798)
	at org.openide.filesystems.FileSystem$2.annotateName(FileSystem.java:872)
	at org.openide.filesystems.FileSystem$2.annotateName(FileSystem.java:847)
	at org.netbeans.modules.autoupdate.updateprovider.AutoupdateCatalogFactory.displayName(AutoupdateCatalogFactory.java:186)
	at org.netbeans.modules.autoupdate.updateprovider.AutoupdateCatalogFactory.createUpdateProvider(AutoupdateCatalogFactory.java:160)
	at org.netbeans.modules.autoupdate.services.UpdateUnitProviderImpl.getUpdateUnitProviders(UpdateUnitProviderImpl.java:259)
	at org.netbeans.api.autoupdate.UpdateUnitProviderFactory.getUpdateUnitProviders(UpdateUnitProviderFactory.java:86)
	at sem4.silentupdate.UpdateHandler.getSilentUpdateProvider(UpdateHandler.java:244)
	at sem4.silentupdate.UpdateHandler.findLocalInstalled(UpdateHandler.java:175)
	at sem4.silentupdate.UpdateHandler.checkAndHandleUpdates(UpdateHandler.java:51)
	at sem4.silentupdate.UpdateActivator$1.run(UpdateActivator.java:23)
	at java.util.concurrent.Executors$RunnableAdapter.call(Executors.java:511)
	at java.util.concurrent.FutureTask.runAndReset(FutureTask.java:308)
	at java.util.concurrent.ScheduledThreadPoolExecutor$ScheduledFutureTask.access$301(ScheduledThreadPoolExecutor.java:180)
	at java.util.concurrent.ScheduledThreadPoolExecutor$ScheduledFutureTask.run(ScheduledThreadPoolExecutor.java:294)
	at java.util.concurrent.ThreadPoolExecutor.runWorker(ThreadPoolExecutor.java:1149)
	at java.util.concurrent.ThreadPoolExecutor$Worker.run(ThreadPoolExecutor.java:624)
	at java.lang.Thread.run(Thread.java:748)
CONFIG [null]: Missing resource from class: org.openide.util.NbBundle$PBundle
CONFIG [null]: Key which was not found: Services/AutoupdateType/org_netbeans_modules_autoupdate_silentupdate_update_center.instance
INFO [sem4.silentupdate]: Update found: Asteroid[sem4.Asteroid/1.0]
INFO [sem4.silentupdate]: Update found: Bullet[sem4.Bullet/1.0]
INFO [sem4.silentupdate]: Update found: Core[sem4.Core/1.0]
INFO [sem4.silentupdate]: Update found: Player[sem4.Player/1.0]
INFO [sem4.silentupdate]: Update found: Enemy[sem4.Enemy/1.0]
INFO [sem4.silentupdate]: Update found: Common[sem4.Common/1.0]
WARNING [org.netbeans.modules.autoupdate.services.InstallSupportImpl]: C:\Users\pvies\Dropbox\SDU\SE\4. Semester\Netbeans\4SemExer\Patrick\KOM\Asteroids_SpringLab\application\target\asteroidsnetbeanslab\asteroidsnetbeanslab\update\download-in-progress_1557968631593\sem4-Asteroid.nbm didn't move to C:\Users\pvies\Dropbox\SDU\SE\4. Semester\Netbeans\4SemExer\Patrick\KOM\Asteroids_SpringLab\application\target\asteroidsnetbeanslab\asteroidsnetbeanslab\update\download\sem4-Asteroid.nbm
INFO [sem4.silentupdate]: A problem caught while verification of updates, cause: 
org.netbeans.api.autoupdate.OperationException[INSTALL]: Cannot find C:\Users\pvies\Dropbox\SDU\SE\4. Semester\Netbeans\4SemExer\Patrick\KOM\Asteroids_SpringLab\application\target\asteroidsnetbeanslab\asteroidsnetbeanslab\update\download\sem4-Asteroid.nbm
Parent directory contains:[sem4-Bullet.nbm, sem4-Common.nbm, sem4-Core.nbm, sem4-Enemy.nbm, sem4-Player.nbm]
Trying to find result in C:\Users\pvies\Dropbox\SDU\SE\4. Semester\Netbeans\4SemExer\Patrick\KOM\Asteroids_SpringLab\application\target\userdir = C:\Users\pvies\Dropbox\SDU\SE\4. Semester\Netbeans\4SemExer\Patrick\KOM\Asteroids_SpringLab\application\target\asteroidsnetbeanslab\asteroidsnetbeanslab\update\download\sem4-Asteroid.nbm exists false
Trying to find result in C:\Users\pvies\Dropbox\SDU\SE\4. Semester\Netbeans\4SemExer\Patrick\KOM\Asteroids_SpringLab\application\target\asteroidsnetbeanslab\asteroidsnetbeanslab = C:\Users\pvies\Dropbox\SDU\SE\4. Semester\Netbeans\4SemExer\Patrick\KOM\Asteroids_SpringLab\application\target\asteroidsnetbeanslab\asteroidsnetbeanslab\update\download\sem4-Asteroid.nbm exists false
Trying to find result in C:\Users\pvies\Dropbox\SDU\SE\4. Semester\Netbeans\4SemExer\Patrick\KOM\Asteroids_SpringLab\application\target\asteroidsnetbeanslab\bin = C:\Users\pvies\Dropbox\SDU\SE\4. Semester\Netbeans\4SemExer\Patrick\KOM\Asteroids_SpringLab\application\target\asteroidsnetbeanslab\asteroidsnetbeanslab\update\download\sem4-Asteroid.nbm exists false
Trying to find result in C:\Users\pvies\Dropbox\SDU\SE\4. Semester\Netbeans\4SemExer\Patrick\KOM\Asteroids_SpringLab\application\target\asteroidsnetbeanslab\etc = C:\Users\pvies\Dropbox\SDU\SE\4. Semester\Netbeans\4SemExer\Patrick\KOM\Asteroids_SpringLab\application\target\asteroidsnetbeanslab\asteroidsnetbeanslab\update\download\sem4-Asteroid.nbm exists false
Trying to find result in C:\Users\pvies\Dropbox\SDU\SE\4. Semester\Netbeans\4SemExer\Patrick\KOM\Asteroids_SpringLab\application\target\asteroidsnetbeanslab\platform = C:\Users\pvies\Dropbox\SDU\SE\4. Semester\Netbeans\4SemExer\Patrick\KOM\Asteroids_SpringLab\application\target\asteroidsnetbeanslab\asteroidsnetbeanslab\update\download\sem4-Asteroid.nbm exists false
Trying to find result in C:\Users\pvies\Dropbox\SDU\SE\4. Semester\Netbeans\4SemExer\Patrick\KOM\Asteroids_SpringLab\application\target\asteroidsnetbeanslab\platform = C:\Users\pvies\Dropbox\SDU\SE\4. Semester\Netbeans\4SemExer\Patrick\KOM\Asteroids_SpringLab\application\target\asteroidsnetbeanslab\asteroidsnetbeanslab\update\download\sem4-Asteroid.nbm exists false

	at org.netbeans.modules.autoupdate.services.InstallSupportImpl.doValidate(InstallSupportImpl.java:860)
	at org.netbeans.modules.autoupdate.services.InstallSupportImpl.doValidate(InstallSupportImpl.java:819)
	at org.netbeans.modules.autoupdate.services.InstallSupportImpl.access$900(InstallSupportImpl.java:92)
	at org.netbeans.modules.autoupdate.services.InstallSupportImpl$2.call(InstallSupportImpl.java:264)
	at org.netbeans.modules.autoupdate.services.InstallSupportImpl$2.call(InstallSupportImpl.java:237)
[catch] at java.util.concurrent.FutureTask.run(FutureTask.java:266)
	at java.util.concurrent.ThreadPoolExecutor.runWorker(ThreadPoolExecutor.java:1149)
	at java.util.concurrent.ThreadPoolExecutor$Worker.run(ThreadPoolExecutor.java:624)
	at java.lang.Thread.run(Thread.java:748)
INFO [sem4.silentupdate]: Update found: Asteroid[sem4.Asteroid/1.0]
INFO [sem4.silentupdate]: Update found: Bullet[sem4.Bullet/1.0]
INFO [sem4.silentupdate]: Update found: Core[sem4.Core/1.0]
INFO [sem4.silentupdate]: Update found: Player[sem4.Player/1.0]
INFO [sem4.silentupdate]: Update found: Enemy[sem4.Enemy/1.0]
INFO [sem4.silentupdate]: Update found: Common[sem4.Common/1.0]
INFO [org.netbeans.updater]: 780: Unpacking sem4-Player.nbm
INFO [org.netbeans.updater]: File installed C:\Users\pvies\Dropbox\SDU\SE\4. Semester\Netbeans\4SemExer\Patrick\KOM\Asteroids_SpringLab\application\target\asteroidsnetbeanslab\asteroidsnetbeanslab\config\Modules\sem4-Player.xml@0
INFO [org.netbeans.updater]: Copied file C:\Users\pvies\Dropbox\SDU\SE\4. Semester\Netbeans\4SemExer\Patrick\KOM\Asteroids_SpringLab\application\target\asteroidsnetbeanslab\asteroidsnetbeanslab\update\download\sem4-Player.nbm:netbeans/config/Modules/sem4-Player.xml to C:\Users\pvies\Dropbox\SDU\SE\4. Semester\Netbeans\4SemExer\Patrick\KOM\Asteroids_SpringLab\application\target\asteroidsnetbeanslab\asteroidsnetbeanslab\config\Modules\sem4-Player.xml
INFO [org.netbeans.updater]: File installed C:\Users\pvies\Dropbox\SDU\SE\4. Semester\Netbeans\4SemExer\Patrick\KOM\Asteroids_SpringLab\application\target\asteroidsnetbeanslab\asteroidsnetbeanslab\modules\sem4-Player.jar@0
INFO [org.netbeans.updater]: Copied file C:\Users\pvies\Dropbox\SDU\SE\4. Semester\Netbeans\4SemExer\Patrick\KOM\Asteroids_SpringLab\application\target\asteroidsnetbeanslab\asteroidsnetbeanslab\update\download\sem4-Player.nbm:netbeans/modules/sem4-Player.jar to C:\Users\pvies\Dropbox\SDU\SE\4. Semester\Netbeans\4SemExer\Patrick\KOM\Asteroids_SpringLab\application\target\asteroidsnetbeanslab\asteroidsnetbeanslab\modules\sem4-Player.jar
INFO [org.netbeans.updater]: File C:\Users\pvies\Dropbox\SDU\SE\4. Semester\Netbeans\4SemExer\Patrick\KOM\Asteroids_SpringLab\application\target\asteroidsnetbeanslab\asteroidsnetbeanslab\update\download\sem4-Player.nbm deleted.
INFO [org.netbeans.updater]: Use XML Transformer: com.sun.org.apache.xalan.internal.xsltc.trax.TransformerImpl@88e061f
INFO [org.netbeans.updater]: File C:\Users\pvies\Dropbox\SDU\SE\4. Semester\Netbeans\4SemExer\Patrick\KOM\Asteroids_SpringLab\application\target\asteroidsnetbeanslab\asteroidsnetbeanslab\update_tracking\sem4-Player.xml modified.
INFO [org.netbeans.updater]: File installed C:\Users\pvies\Dropbox\SDU\SE\4. Semester\Netbeans\4SemExer\Patrick\KOM\Asteroids_SpringLab\application\target\asteroidsnetbeanslab\asteroidsnetbeanslab\update_tracking\sem4-Player.xml@0
INFO [org.netbeans.updater]: 780: Unpacking sem4-Asteroid.nbm
INFO [org.netbeans.updater]: File installed C:\Users\pvies\Dropbox\SDU\SE\4. Semester\Netbeans\4SemExer\Patrick\KOM\Asteroids_SpringLab\application\target\asteroidsnetbeanslab\asteroidsnetbeanslab\config\Modules\sem4-Asteroid.xml@0
INFO [org.netbeans.updater]: Copied file C:\Users\pvies\Dropbox\SDU\SE\4. Semester\Netbeans\4SemExer\Patrick\KOM\Asteroids_SpringLab\application\target\asteroidsnetbeanslab\asteroidsnetbeanslab\update\download\sem4-Asteroid.nbm:netbeans/config/Modules/sem4-Asteroid.xml to C:\Users\pvies\Dropbox\SDU\SE\4. Semester\Netbeans\4SemExer\Patrick\KOM\Asteroids_SpringLab\application\target\asteroidsnetbeanslab\asteroidsnetbeanslab\config\Modules\sem4-Asteroid.xml
INFO [org.netbeans.updater]: File installed C:\Users\pvies\Dropbox\SDU\SE\4. Semester\Netbeans\4SemExer\Patrick\KOM\Asteroids_SpringLab\application\target\asteroidsnetbeanslab\asteroidsnetbeanslab\modules\sem4-Asteroid.jar@0
INFO [org.netbeans.updater]: Copied file C:\Users\pvies\Dropbox\SDU\SE\4. Semester\Netbeans\4SemExer\Patrick\KOM\Asteroids_SpringLab\application\target\asteroidsnetbeanslab\asteroidsnetbeanslab\update\download\sem4-Asteroid.nbm:netbeans/modules/sem4-Asteroid.jar to C:\Users\pvies\Dropbox\SDU\SE\4. Semester\Netbeans\4SemExer\Patrick\KOM\Asteroids_SpringLab\application\target\asteroidsnetbeanslab\asteroidsnetbeanslab\modules\sem4-Asteroid.jar
INFO [org.netbeans.updater]: File C:\Users\pvies\Dropbox\SDU\SE\4. Semester\Netbeans\4SemExer\Patrick\KOM\Asteroids_SpringLab\application\target\asteroidsnetbeanslab\asteroidsnetbeanslab\update\download\sem4-Asteroid.nbm deleted.
INFO [org.netbeans.updater]: Use XML Transformer: com.sun.org.apache.xalan.internal.xsltc.trax.TransformerImpl@4be4f4ac
INFO [org.netbeans.updater]: File C:\Users\pvies\Dropbox\SDU\SE\4. Semester\Netbeans\4SemExer\Patrick\KOM\Asteroids_SpringLab\application\target\asteroidsnetbeanslab\asteroidsnetbeanslab\update_tracking\sem4-Asteroid.xml modified.
INFO [org.netbeans.updater]: File installed C:\Users\pvies\Dropbox\SDU\SE\4. Semester\Netbeans\4SemExer\Patrick\KOM\Asteroids_SpringLab\application\target\asteroidsnetbeanslab\asteroidsnetbeanslab\update_tracking\sem4-Asteroid.xml@0
INFO [org.netbeans.updater]: 780: Unpacking sem4-Bullet.nbm
INFO [org.netbeans.updater]: File installed C:\Users\pvies\Dropbox\SDU\SE\4. Semester\Netbeans\4SemExer\Patrick\KOM\Asteroids_SpringLab\application\target\asteroidsnetbeanslab\asteroidsnetbeanslab\config\Modules\sem4-Bullet.xml@0
INFO [org.netbeans.updater]: Copied file C:\Users\pvies\Dropbox\SDU\SE\4. Semester\Netbeans\4SemExer\Patrick\KOM\Asteroids_SpringLab\application\target\asteroidsnetbeanslab\asteroidsnetbeanslab\update\download\sem4-Bullet.nbm:netbeans/config/Modules/sem4-Bullet.xml to C:\Users\pvies\Dropbox\SDU\SE\4. Semester\Netbeans\4SemExer\Patrick\KOM\Asteroids_SpringLab\application\target\asteroidsnetbeanslab\asteroidsnetbeanslab\config\Modules\sem4-Bullet.xml
INFO [org.netbeans.updater]: File installed C:\Users\pvies\Dropbox\SDU\SE\4. Semester\Netbeans\4SemExer\Patrick\KOM\Asteroids_SpringLab\application\target\asteroidsnetbeanslab\asteroidsnetbeanslab\modules\sem4-Bullet.jar@0
INFO [org.netbeans.updater]: Copied file C:\Users\pvies\Dropbox\SDU\SE\4. Semester\Netbeans\4SemExer\Patrick\KOM\Asteroids_SpringLab\application\target\asteroidsnetbeanslab\asteroidsnetbeanslab\update\download\sem4-Bullet.nbm:netbeans/modules/sem4-Bullet.jar to C:\Users\pvies\Dropbox\SDU\SE\4. Semester\Netbeans\4SemExer\Patrick\KOM\Asteroids_SpringLab\application\target\asteroidsnetbeanslab\asteroidsnetbeanslab\modules\sem4-Bullet.jar
INFO [org.netbeans.updater]: File C:\Users\pvies\Dropbox\SDU\SE\4. Semester\Netbeans\4SemExer\Patrick\KOM\Asteroids_SpringLab\application\target\asteroidsnetbeanslab\asteroidsnetbeanslab\update\download\sem4-Bullet.nbm deleted.
INFO [org.netbeans.updater]: Use XML Transformer: com.sun.org.apache.xalan.internal.xsltc.trax.TransformerImpl@5d8992ee
INFO [org.netbeans.updater]: File C:\Users\pvies\Dropbox\SDU\SE\4. Semester\Netbeans\4SemExer\Patrick\KOM\Asteroids_SpringLab\application\target\asteroidsnetbeanslab\asteroidsnetbeanslab\update_tracking\sem4-Bullet.xml modified.
INFO [org.netbeans.updater]: File installed C:\Users\pvies\Dropbox\SDU\SE\4. Semester\Netbeans\4SemExer\Patrick\KOM\Asteroids_SpringLab\application\target\asteroidsnetbeanslab\asteroidsnetbeanslab\update_tracking\sem4-Bullet.xml@0
INFO [org.netbeans.updater]: 780: Unpacking sem4-Core.nbm
INFO [org.netbeans.updater]: File installed C:\Users\pvies\Dropbox\SDU\SE\4. Semester\Netbeans\4SemExer\Patrick\KOM\Asteroids_SpringLab\application\target\asteroidsnetbeanslab\asteroidsnetbeanslab\config\Modules\sem4-Core.xml@0
INFO [org.netbeans.updater]: Copied file C:\Users\pvies\Dropbox\SDU\SE\4. Semester\Netbeans\4SemExer\Patrick\KOM\Asteroids_SpringLab\application\target\asteroidsnetbeanslab\asteroidsnetbeanslab\update\download\sem4-Core.nbm:netbeans/config/Modules/sem4-Core.xml to C:\Users\pvies\Dropbox\SDU\SE\4. Semester\Netbeans\4SemExer\Patrick\KOM\Asteroids_SpringLab\application\target\asteroidsnetbeanslab\asteroidsnetbeanslab\config\Modules\sem4-Core.xml
INFO [org.netbeans.updater]: File installed C:\Users\pvies\Dropbox\SDU\SE\4. Semester\Netbeans\4SemExer\Patrick\KOM\Asteroids_SpringLab\application\target\asteroidsnetbeanslab\asteroidsnetbeanslab\modules\ext\sem4.Core\aopalliance\aopalliance.jar@0
INFO [org.netbeans.updater]: Copied file C:\Users\pvies\Dropbox\SDU\SE\4. Semester\Netbeans\4SemExer\Patrick\KOM\Asteroids_SpringLab\application\target\asteroidsnetbeanslab\asteroidsnetbeanslab\update\download\sem4-Core.nbm:netbeans/modules/ext/sem4.Core/aopalliance/aopalliance.jar to C:\Users\pvies\Dropbox\SDU\SE\4. Semester\Netbeans\4SemExer\Patrick\KOM\Asteroids_SpringLab\application\target\asteroidsnetbeanslab\asteroidsnetbeanslab\modules\ext\sem4.Core\aopalliance\aopalliance.jar
INFO [org.netbeans.updater]: File installed C:\Users\pvies\Dropbox\SDU\SE\4. Semester\Netbeans\4SemExer\Patrick\KOM\Asteroids_SpringLab\application\target\asteroidsnetbeanslab\asteroidsnetbeanslab\modules\ext\sem4.Core\com-badlogicgames-gdx\gdx-backend-lwjgl.jar@0
INFO [org.netbeans.updater]: Copied file C:\Users\pvies\Dropbox\SDU\SE\4. Semester\Netbeans\4SemExer\Patrick\KOM\Asteroids_SpringLab\application\target\asteroidsnetbeanslab\asteroidsnetbeanslab\update\download\sem4-Core.nbm:netbeans/modules/ext/sem4.Core/com-badlogicgames-gdx/gdx-backend-lwjgl.jar to C:\Users\pvies\Dropbox\SDU\SE\4. Semester\Netbeans\4SemExer\Patrick\KOM\Asteroids_SpringLab\application\target\asteroidsnetbeanslab\asteroidsnetbeanslab\modules\ext\sem4.Core\com-badlogicgames-gdx\gdx-backend-lwjgl.jar
INFO [org.netbeans.updater]: File installed C:\Users\pvies\Dropbox\SDU\SE\4. Semester\Netbeans\4SemExer\Patrick\KOM\Asteroids_SpringLab\application\target\asteroidsnetbeanslab\asteroidsnetbeanslab\modules\ext\sem4.Core\com-badlogicgames-gdx\gdx-box2d-platform-natives-desktop.jar@0
INFO [org.netbeans.updater]: Copied file C:\Users\pvies\Dropbox\SDU\SE\4. Semester\Netbeans\4SemExer\Patrick\KOM\Asteroids_SpringLab\application\target\asteroidsnetbeanslab\asteroidsnetbeanslab\update\download\sem4-Core.nbm:netbeans/modules/ext/sem4.Core/com-badlogicgames-gdx/gdx-box2d-platform-natives-desktop.jar to C:\Users\pvies\Dropbox\SDU\SE\4. Semester\Netbeans\4SemExer\Patrick\KOM\Asteroids_SpringLab\application\target\asteroidsnetbeanslab\asteroidsnetbeanslab\modules\ext\sem4.Core\com-badlogicgames-gdx\gdx-box2d-platform-natives-desktop.jar
INFO [org.netbeans.updater]: File installed C:\Users\pvies\Dropbox\SDU\SE\4. Semester\Netbeans\4SemExer\Patrick\KOM\Asteroids_SpringLab\application\target\asteroidsnetbeanslab\asteroidsnetbeanslab\modules\ext\sem4.Core\com-badlogicgames-gdx\gdx-box2d.jar@0
INFO [org.netbeans.updater]: Copied file C:\Users\pvies\Dropbox\SDU\SE\4. Semester\Netbeans\4SemExer\Patrick\KOM\Asteroids_SpringLab\application\target\asteroidsnetbeanslab\asteroidsnetbeanslab\update\download\sem4-Core.nbm:netbeans/modules/ext/sem4.Core/com-badlogicgames-gdx/gdx-box2d.jar to C:\Users\pvies\Dropbox\SDU\SE\4. Semester\Netbeans\4SemExer\Patrick\KOM\Asteroids_SpringLab\application\target\asteroidsnetbeanslab\asteroidsnetbeanslab\modules\ext\sem4.Core\com-badlogicgames-gdx\gdx-box2d.jar
INFO [org.netbeans.updater]: File installed C:\Users\pvies\Dropbox\SDU\SE\4. Semester\Netbeans\4SemExer\Patrick\KOM\Asteroids_SpringLab\application\target\asteroidsnetbeanslab\asteroidsnetbeanslab\modules\ext\sem4.Core\com-badlogicgames-gdx\gdx-freetype-platform-natives-desktop.jar@0
INFO [org.netbeans.updater]: Copied file C:\Users\pvies\Dropbox\SDU\SE\4. Semester\Netbeans\4SemExer\Patrick\KOM\Asteroids_SpringLab\application\target\asteroidsnetbeanslab\asteroidsnetbeanslab\update\download\sem4-Core.nbm:netbeans/modules/ext/sem4.Core/com-badlogicgames-gdx/gdx-freetype-platform-natives-desktop.jar to C:\Users\pvies\Dropbox\SDU\SE\4. Semester\Netbeans\4SemExer\Patrick\KOM\Asteroids_SpringLab\application\target\asteroidsnetbeanslab\asteroidsnetbeanslab\modules\ext\sem4.Core\com-badlogicgames-gdx\gdx-freetype-platform-natives-desktop.jar
INFO [org.netbeans.updater]: File installed C:\Users\pvies\Dropbox\SDU\SE\4. Semester\Netbeans\4SemExer\Patrick\KOM\Asteroids_SpringLab\application\target\asteroidsnetbeanslab\asteroidsnetbeanslab\modules\ext\sem4.Core\com-badlogicgames-gdx\gdx-freetype.jar@0
INFO [org.netbeans.updater]: Copied file C:\Users\pvies\Dropbox\SDU\SE\4. Semester\Netbeans\4SemExer\Patrick\KOM\Asteroids_SpringLab\application\target\asteroidsnetbeanslab\asteroidsnetbeanslab\update\download\sem4-Core.nbm:netbeans/modules/ext/sem4.Core/com-badlogicgames-gdx/gdx-freetype.jar to C:\Users\pvies\Dropbox\SDU\SE\4. Semester\Netbeans\4SemExer\Patrick\KOM\Asteroids_SpringLab\application\target\asteroidsnetbeanslab\asteroidsnetbeanslab\modules\ext\sem4.Core\com-badlogicgames-gdx\gdx-freetype.jar
INFO [org.netbeans.updater]: File installed C:\Users\pvies\Dropbox\SDU\SE\4. Semester\Netbeans\4SemExer\Patrick\KOM\Asteroids_SpringLab\application\target\asteroidsnetbeanslab\asteroidsnetbeanslab\modules\ext\sem4.Core\com-badlogicgames-gdx\gdx-platform-natives-desktop.jar@0
INFO [org.netbeans.updater]: Copied file C:\Users\pvies\Dropbox\SDU\SE\4. Semester\Netbeans\4SemExer\Patrick\KOM\Asteroids_SpringLab\application\target\asteroidsnetbeanslab\asteroidsnetbeanslab\update\download\sem4-Core.nbm:netbeans/modules/ext/sem4.Core/com-badlogicgames-gdx/gdx-platform-natives-desktop.jar to C:\Users\pvies\Dropbox\SDU\SE\4. Semester\Netbeans\4SemExer\Patrick\KOM\Asteroids_SpringLab\application\target\asteroidsnetbeanslab\asteroidsnetbeanslab\modules\ext\sem4.Core\com-badlogicgames-gdx\gdx-platform-natives-desktop.jar
INFO [org.netbeans.updater]: File installed C:\Users\pvies\Dropbox\SDU\SE\4. Semester\Netbeans\4SemExer\Patrick\KOM\Asteroids_SpringLab\application\target\asteroidsnetbeanslab\asteroidsnetbeanslab\modules\ext\sem4.Core\com-badlogicgames-gdx\gdx.jar@0
INFO [org.netbeans.updater]: Copied file C:\Users\pvies\Dropbox\SDU\SE\4. Semester\Netbeans\4SemExer\Patrick\KOM\Asteroids_SpringLab\application\target\asteroidsnetbeanslab\asteroidsnetbeanslab\update\download\sem4-Core.nbm:netbeans/modules/ext/sem4.Core/com-badlogicgames-gdx/gdx.jar to C:\Users\pvies\Dropbox\SDU\SE\4. Semester\Netbeans\4SemExer\Patrick\KOM\Asteroids_SpringLab\application\target\asteroidsnetbeanslab\asteroidsnetbeanslab\modules\ext\sem4.Core\com-badlogicgames-gdx\gdx.jar
INFO [org.netbeans.updater]: File installed C:\Users\pvies\Dropbox\SDU\SE\4. Semester\Netbeans\4SemExer\Patrick\KOM\Asteroids_SpringLab\application\target\asteroidsnetbeanslab\asteroidsnetbeanslab\modules\ext\sem4.Core\com-badlogicgames-jlayer\jlayer.jar@0
INFO [org.netbeans.updater]: Copied file C:\Users\pvies\Dropbox\SDU\SE\4. Semester\Netbeans\4SemExer\Patrick\KOM\Asteroids_SpringLab\application\target\asteroidsnetbeanslab\asteroidsnetbeanslab\update\download\sem4-Core.nbm:netbeans/modules/ext/sem4.Core/com-badlogicgames-jlayer/jlayer.jar to C:\Users\pvies\Dropbox\SDU\SE\4. Semester\Netbeans\4SemExer\Patrick\KOM\Asteroids_SpringLab\application\target\asteroidsnetbeanslab\asteroidsnetbeanslab\modules\ext\sem4.Core\com-badlogicgames-jlayer\jlayer.jar
INFO [org.netbeans.updater]: File installed C:\Users\pvies\Dropbox\SDU\SE\4. Semester\Netbeans\4SemExer\Patrick\KOM\Asteroids_SpringLab\application\target\asteroidsnetbeanslab\asteroidsnetbeanslab\modules\ext\sem4.Core\commons-logging\commons-logging.jar@0
INFO [org.netbeans.updater]: Copied file C:\Users\pvies\Dropbox\SDU\SE\4. Semester\Netbeans\4SemExer\Patrick\KOM\Asteroids_SpringLab\application\target\asteroidsnetbeanslab\asteroidsnetbeanslab\update\download\sem4-Core.nbm:netbeans/modules/ext/sem4.Core/commons-logging/commons-logging.jar to C:\Users\pvies\Dropbox\SDU\SE\4. Semester\Netbeans\4SemExer\Patrick\KOM\Asteroids_SpringLab\application\target\asteroidsnetbeanslab\asteroidsnetbeanslab\modules\ext\sem4.Core\commons-logging\commons-logging.jar
INFO [org.netbeans.updater]: File installed C:\Users\pvies\Dropbox\SDU\SE\4. Semester\Netbeans\4SemExer\Patrick\KOM\Asteroids_SpringLab\application\target\asteroidsnetbeanslab\asteroidsnetbeanslab\modules\ext\sem4.Core\net-java-jinput\jinput.jar@0
INFO [org.netbeans.updater]: Copied file C:\Users\pvies\Dropbox\SDU\SE\4. Semester\Netbeans\4SemExer\Patrick\KOM\Asteroids_SpringLab\application\target\asteroidsnetbeanslab\asteroidsnetbeanslab\update\download\sem4-Core.nbm:netbeans/modules/ext/sem4.Core/net-java-jinput/jinput.jar to C:\Users\pvies\Dropbox\SDU\SE\4. Semester\Netbeans\4SemExer\Patrick\KOM\Asteroids_SpringLab\application\target\asteroidsnetbeanslab\asteroidsnetbeanslab\modules\ext\sem4.Core\net-java-jinput\jinput.jar
INFO [org.netbeans.updater]: File installed C:\Users\pvies\Dropbox\SDU\SE\4. Semester\Netbeans\4SemExer\Patrick\KOM\Asteroids_SpringLab\application\target\asteroidsnetbeanslab\asteroidsnetbeanslab\modules\ext\sem4.Core\net-java-jutils\jutils.jar@0
INFO [org.netbeans.updater]: Copied file C:\Users\pvies\Dropbox\SDU\SE\4. Semester\Netbeans\4SemExer\Patrick\KOM\Asteroids_SpringLab\application\target\asteroidsnetbeanslab\asteroidsnetbeanslab\update\download\sem4-Core.nbm:netbeans/modules/ext/sem4.Core/net-java-jutils/jutils.jar to C:\Users\pvies\Dropbox\SDU\SE\4. Semester\Netbeans\4SemExer\Patrick\KOM\Asteroids_SpringLab\application\target\asteroidsnetbeanslab\asteroidsnetbeanslab\modules\ext\sem4.Core\net-java-jutils\jutils.jar
INFO [org.netbeans.updater]: File installed C:\Users\pvies\Dropbox\SDU\SE\4. Semester\Netbeans\4SemExer\Patrick\KOM\Asteroids_SpringLab\application\target\asteroidsnetbeanslab\asteroidsnetbeanslab\modules\ext\sem4.Core\org-jcraft\jorbis.jar@0
INFO [org.netbeans.updater]: Copied file C:\Users\pvies\Dropbox\SDU\SE\4. Semester\Netbeans\4SemExer\Patrick\KOM\Asteroids_SpringLab\application\target\asteroidsnetbeanslab\asteroidsnetbeanslab\update\download\sem4-Core.nbm:netbeans/modules/ext/sem4.Core/org-jcraft/jorbis.jar to C:\Users\pvies\Dropbox\SDU\SE\4. Semester\Netbeans\4SemExer\Patrick\KOM\Asteroids_SpringLab\application\target\asteroidsnetbeanslab\asteroidsnetbeanslab\modules\ext\sem4.Core\org-jcraft\jorbis.jar
INFO [org.netbeans.updater]: File installed C:\Users\pvies\Dropbox\SDU\SE\4. Semester\Netbeans\4SemExer\Patrick\KOM\Asteroids_SpringLab\application\target\asteroidsnetbeanslab\asteroidsnetbeanslab\modules\ext\sem4.Core\org-lwjgl-lwjgl\lwjgl-platform-natives-linux.jar@0
INFO [org.netbeans.updater]: Copied file C:\Users\pvies\Dropbox\SDU\SE\4. Semester\Netbeans\4SemExer\Patrick\KOM\Asteroids_SpringLab\application\target\asteroidsnetbeanslab\asteroidsnetbeanslab\update\download\sem4-Core.nbm:netbeans/modules/ext/sem4.Core/org-lwjgl-lwjgl/lwjgl-platform-natives-linux.jar to C:\Users\pvies\Dropbox\SDU\SE\4. Semester\Netbeans\4SemExer\Patrick\KOM\Asteroids_SpringLab\application\target\asteroidsnetbeanslab\asteroidsnetbeanslab\modules\ext\sem4.Core\org-lwjgl-lwjgl\lwjgl-platform-natives-linux.jar
INFO [org.netbeans.updater]: File installed C:\Users\pvies\Dropbox\SDU\SE\4. Semester\Netbeans\4SemExer\Patrick\KOM\Asteroids_SpringLab\application\target\asteroidsnetbeanslab\asteroidsnetbeanslab\modules\ext\sem4.Core\org-lwjgl-lwjgl\lwjgl-platform-natives-osx.jar@0
INFO [org.netbeans.updater]: Copied file C:\Users\pvies\Dropbox\SDU\SE\4. Semester\Netbeans\4SemExer\Patrick\KOM\Asteroids_SpringLab\application\target\asteroidsnetbeanslab\asteroidsnetbeanslab\update\download\sem4-Core.nbm:netbeans/modules/ext/sem4.Core/org-lwjgl-lwjgl/lwjgl-platform-natives-osx.jar to C:\Users\pvies\Dropbox\SDU\SE\4. Semester\Netbeans\4SemExer\Patrick\KOM\Asteroids_SpringLab\application\target\asteroidsnetbeanslab\asteroidsnetbeanslab\modules\ext\sem4.Core\org-lwjgl-lwjgl\lwjgl-platform-natives-osx.jar
INFO [org.netbeans.updater]: File installed C:\Users\pvies\Dropbox\SDU\SE\4. Semester\Netbeans\4SemExer\Patrick\KOM\Asteroids_SpringLab\application\target\asteroidsnetbeanslab\asteroidsnetbeanslab\modules\ext\sem4.Core\org-lwjgl-lwjgl\lwjgl-platform-natives-windows.jar@0
INFO [org.netbeans.updater]: Copied file C:\Users\pvies\Dropbox\SDU\SE\4. Semester\Netbeans\4SemExer\Patrick\KOM\Asteroids_SpringLab\application\target\asteroidsnetbeanslab\asteroidsnetbeanslab\update\download\sem4-Core.nbm:netbeans/modules/ext/sem4.Core/org-lwjgl-lwjgl/lwjgl-platform-natives-windows.jar to C:\Users\pvies\Dropbox\SDU\SE\4. Semester\Netbeans\4SemExer\Patrick\KOM\Asteroids_SpringLab\application\target\asteroidsnetbeanslab\asteroidsnetbeanslab\modules\ext\sem4.Core\org-lwjgl-lwjgl\lwjgl-platform-natives-windows.jar
INFO [org.netbeans.updater]: File installed C:\Users\pvies\Dropbox\SDU\SE\4. Semester\Netbeans\4SemExer\Patrick\KOM\Asteroids_SpringLab\application\target\asteroidsnetbeanslab\asteroidsnetbeanslab\modules\ext\sem4.Core\org-lwjgl-lwjgl\lwjgl.jar@0
INFO [org.netbeans.updater]: Copied file C:\Users\pvies\Dropbox\SDU\SE\4. Semester\Netbeans\4SemExer\Patrick\KOM\Asteroids_SpringLab\application\target\asteroidsnetbeanslab\asteroidsnetbeanslab\update\download\sem4-Core.nbm:netbeans/modules/ext/sem4.Core/org-lwjgl-lwjgl/lwjgl.jar to C:\Users\pvies\Dropbox\SDU\SE\4. Semester\Netbeans\4SemExer\Patrick\KOM\Asteroids_SpringLab\application\target\asteroidsnetbeanslab\asteroidsnetbeanslab\modules\ext\sem4.Core\org-lwjgl-lwjgl\lwjgl.jar
INFO [org.netbeans.updater]: File installed C:\Users\pvies\Dropbox\SDU\SE\4. Semester\Netbeans\4SemExer\Patrick\KOM\Asteroids_SpringLab\application\target\asteroidsnetbeanslab\asteroidsnetbeanslab\modules\ext\sem4.Core\org-lwjgl-lwjgl\lwjgl_util.jar@0
INFO [org.netbeans.updater]: Copied file C:\Users\pvies\Dropbox\SDU\SE\4. Semester\Netbeans\4SemExer\Patrick\KOM\Asteroids_SpringLab\application\target\asteroidsnetbeanslab\asteroidsnetbeanslab\update\download\sem4-Core.nbm:netbeans/modules/ext/sem4.Core/org-lwjgl-lwjgl/lwjgl_util.jar to C:\Users\pvies\Dropbox\SDU\SE\4. Semester\Netbeans\4SemExer\Patrick\KOM\Asteroids_SpringLab\application\target\asteroidsnetbeanslab\asteroidsnetbeanslab\modules\ext\sem4.Core\org-lwjgl-lwjgl\lwjgl_util.jar
INFO [org.netbeans.updater]: File installed C:\Users\pvies\Dropbox\SDU\SE\4. Semester\Netbeans\4SemExer\Patrick\KOM\Asteroids_SpringLab\application\target\asteroidsnetbeanslab\asteroidsnetbeanslab\modules\ext\sem4.Core\org-springframework\spring-aop.jar@0
INFO [org.netbeans.updater]: Copied file C:\Users\pvies\Dropbox\SDU\SE\4. Semester\Netbeans\4SemExer\Patrick\KOM\Asteroids_SpringLab\application\target\asteroidsnetbeanslab\asteroidsnetbeanslab\update\download\sem4-Core.nbm:netbeans/modules/ext/sem4.Core/org-springframework/spring-aop.jar to C:\Users\pvies\Dropbox\SDU\SE\4. Semester\Netbeans\4SemExer\Patrick\KOM\Asteroids_SpringLab\application\target\asteroidsnetbeanslab\asteroidsnetbeanslab\modules\ext\sem4.Core\org-springframework\spring-aop.jar
INFO [org.netbeans.updater]: File installed C:\Users\pvies\Dropbox\SDU\SE\4. Semester\Netbeans\4SemExer\Patrick\KOM\Asteroids_SpringLab\application\target\asteroidsnetbeanslab\asteroidsnetbeanslab\modules\ext\sem4.Core\org-springframework\spring-beans.jar@0
INFO [org.netbeans.updater]: Copied file C:\Users\pvies\Dropbox\SDU\SE\4. Semester\Netbeans\4SemExer\Patrick\KOM\Asteroids_SpringLab\application\target\asteroidsnetbeanslab\asteroidsnetbeanslab\update\download\sem4-Core.nbm:netbeans/modules/ext/sem4.Core/org-springframework/spring-beans.jar to C:\Users\pvies\Dropbox\SDU\SE\4. Semester\Netbeans\4SemExer\Patrick\KOM\Asteroids_SpringLab\application\target\asteroidsnetbeanslab\asteroidsnetbeanslab\modules\ext\sem4.Core\org-springframework\spring-beans.jar
INFO [org.netbeans.updater]: File installed C:\Users\pvies\Dropbox\SDU\SE\4. Semester\Netbeans\4SemExer\Patrick\KOM\Asteroids_SpringLab\application\target\asteroidsnetbeanslab\asteroidsnetbeanslab\modules\ext\sem4.Core\org-springframework\spring-context.jar@0
INFO [org.netbeans.updater]: Copied file C:\Users\pvies\Dropbox\SDU\SE\4. Semester\Netbeans\4SemExer\Patrick\KOM\Asteroids_SpringLab\application\target\asteroidsnetbeanslab\asteroidsnetbeanslab\update\download\sem4-Core.nbm:netbeans/modules/ext/sem4.Core/org-springframework/spring-context.jar to C:\Users\pvies\Dropbox\SDU\SE\4. Semester\Netbeans\4SemExer\Patrick\KOM\Asteroids_SpringLab\application\target\asteroidsnetbeanslab\asteroidsnetbeanslab\modules\ext\sem4.Core\org-springframework\spring-context.jar
INFO [org.netbeans.updater]: File installed C:\Users\pvies\Dropbox\SDU\SE\4. Semester\Netbeans\4SemExer\Patrick\KOM\Asteroids_SpringLab\application\target\asteroidsnetbeanslab\asteroidsnetbeanslab\modules\ext\sem4.Core\org-springframework\spring-core.jar@0
INFO [org.netbeans.updater]: Copied file C:\Users\pvies\Dropbox\SDU\SE\4. Semester\Netbeans\4SemExer\Patrick\KOM\Asteroids_SpringLab\application\target\asteroidsnetbeanslab\asteroidsnetbeanslab\update\download\sem4-Core.nbm:netbeans/modules/ext/sem4.Core/org-springframework/spring-core.jar to C:\Users\pvies\Dropbox\SDU\SE\4. Semester\Netbeans\4SemExer\Patrick\KOM\Asteroids_SpringLab\application\target\asteroidsnetbeanslab\asteroidsnetbeanslab\modules\ext\sem4.Core\org-springframework\spring-core.jar
INFO [org.netbeans.updater]: File installed C:\Users\pvies\Dropbox\SDU\SE\4. Semester\Netbeans\4SemExer\Patrick\KOM\Asteroids_SpringLab\application\target\asteroidsnetbeanslab\asteroidsnetbeanslab\modules\ext\sem4.Core\org-springframework\spring-expression.jar@0
INFO [org.netbeans.updater]: Copied file C:\Users\pvies\Dropbox\SDU\SE\4. Semester\Netbeans\4SemExer\Patrick\KOM\Asteroids_SpringLab\application\target\asteroidsnetbeanslab\asteroidsnetbeanslab\update\download\sem4-Core.nbm:netbeans/modules/ext/sem4.Core/org-springframework/spring-expression.jar to C:\Users\pvies\Dropbox\SDU\SE\4. Semester\Netbeans\4SemExer\Patrick\KOM\Asteroids_SpringLab\application\target\asteroidsnetbeanslab\asteroidsnetbeanslab\modules\ext\sem4.Core\org-springframework\spring-expression.jar
INFO [org.netbeans.updater]: File installed C:\Users\pvies\Dropbox\SDU\SE\4. Semester\Netbeans\4SemExer\Patrick\KOM\Asteroids_SpringLab\application\target\asteroidsnetbeanslab\asteroidsnetbeanslab\modules\sem4-Core.jar@0
INFO [org.netbeans.updater]: Copied file C:\Users\pvies\Dropbox\SDU\SE\4. Semester\Netbeans\4SemExer\Patrick\KOM\Asteroids_SpringLab\application\target\asteroidsnetbeanslab\asteroidsnetbeanslab\update\download\sem4-Core.nbm:netbeans/modules/sem4-Core.jar to C:\Users\pvies\Dropbox\SDU\SE\4. Semester\Netbeans\4SemExer\Patrick\KOM\Asteroids_SpringLab\application\target\asteroidsnetbeanslab\asteroidsnetbeanslab\modules\sem4-Core.jar
INFO [org.netbeans.updater]: File C:\Users\pvies\Dropbox\SDU\SE\4. Semester\Netbeans\4SemExer\Patrick\KOM\Asteroids_SpringLab\application\target\asteroidsnetbeanslab\asteroidsnetbeanslab\update\download\sem4-Core.nbm deleted.
INFO [org.netbeans.updater]: Use XML Transformer: com.sun.org.apache.xalan.internal.xsltc.trax.TransformerImpl@3c23d699
INFO [org.netbeans.updater]: File C:\Users\pvies\Dropbox\SDU\SE\4. Semester\Netbeans\4SemExer\Patrick\KOM\Asteroids_SpringLab\application\target\asteroidsnetbeanslab\asteroidsnetbeanslab\update_tracking\sem4-Core.xml modified.
INFO [org.netbeans.updater]: File installed C:\Users\pvies\Dropbox\SDU\SE\4. Semester\Netbeans\4SemExer\Patrick\KOM\Asteroids_SpringLab\application\target\asteroidsnetbeanslab\asteroidsnetbeanslab\update_tracking\sem4-Core.xml@0
INFO [org.netbeans.updater]: 780: Unpacking sem4-Enemy.nbm
INFO [org.netbeans.updater]: File installed C:\Users\pvies\Dropbox\SDU\SE\4. Semester\Netbeans\4SemExer\Patrick\KOM\Asteroids_SpringLab\application\target\asteroidsnetbeanslab\asteroidsnetbeanslab\config\Modules\sem4-Enemy.xml@0
INFO [org.netbeans.updater]: Copied file C:\Users\pvies\Dropbox\SDU\SE\4. Semester\Netbeans\4SemExer\Patrick\KOM\Asteroids_SpringLab\application\target\asteroidsnetbeanslab\asteroidsnetbeanslab\update\download\sem4-Enemy.nbm:netbeans/config/Modules/sem4-Enemy.xml to C:\Users\pvies\Dropbox\SDU\SE\4. Semester\Netbeans\4SemExer\Patrick\KOM\Asteroids_SpringLab\application\target\asteroidsnetbeanslab\asteroidsnetbeanslab\config\Modules\sem4-Enemy.xml
INFO [org.netbeans.updater]: File installed C:\Users\pvies\Dropbox\SDU\SE\4. Semester\Netbeans\4SemExer\Patrick\KOM\Asteroids_SpringLab\application\target\asteroidsnetbeanslab\asteroidsnetbeanslab\modules\sem4-Enemy.jar@0
INFO [org.netbeans.updater]: Copied file C:\Users\pvies\Dropbox\SDU\SE\4. Semester\Netbeans\4SemExer\Patrick\KOM\Asteroids_SpringLab\application\target\asteroidsnetbeanslab\asteroidsnetbeanslab\update\download\sem4-Enemy.nbm:netbeans/modules/sem4-Enemy.jar to C:\Users\pvies\Dropbox\SDU\SE\4. Semester\Netbeans\4SemExer\Patrick\KOM\Asteroids_SpringLab\application\target\asteroidsnetbeanslab\asteroidsnetbeanslab\modules\sem4-Enemy.jar
INFO [org.netbeans.updater]: File C:\Users\pvies\Dropbox\SDU\SE\4. Semester\Netbeans\4SemExer\Patrick\KOM\Asteroids_SpringLab\application\target\asteroidsnetbeanslab\asteroidsnetbeanslab\update\download\sem4-Enemy.nbm deleted.
INFO [org.netbeans.updater]: Use XML Transformer: com.sun.org.apache.xalan.internal.xsltc.trax.TransformerImpl@20a3f2a7
INFO [org.netbeans.updater]: File C:\Users\pvies\Dropbox\SDU\SE\4. Semester\Netbeans\4SemExer\Patrick\KOM\Asteroids_SpringLab\application\target\asteroidsnetbeanslab\asteroidsnetbeanslab\update_tracking\sem4-Enemy.xml modified.
INFO [org.netbeans.updater]: File installed C:\Users\pvies\Dropbox\SDU\SE\4. Semester\Netbeans\4SemExer\Patrick\KOM\Asteroids_SpringLab\application\target\asteroidsnetbeanslab\asteroidsnetbeanslab\update_tracking\sem4-Enemy.xml@0
INFO [org.netbeans.updater]: 780: Unpacking sem4-Common.nbm
INFO [org.netbeans.updater]: File installed C:\Users\pvies\Dropbox\SDU\SE\4. Semester\Netbeans\4SemExer\Patrick\KOM\Asteroids_SpringLab\application\target\asteroidsnetbeanslab\asteroidsnetbeanslab\config\Modules\sem4-Common.xml@0
INFO [org.netbeans.updater]: Copied file C:\Users\pvies\Dropbox\SDU\SE\4. Semester\Netbeans\4SemExer\Patrick\KOM\Asteroids_SpringLab\application\target\asteroidsnetbeanslab\asteroidsnetbeanslab\update\download\sem4-Common.nbm:netbeans/config/Modules/sem4-Common.xml to C:\Users\pvies\Dropbox\SDU\SE\4. Semester\Netbeans\4SemExer\Patrick\KOM\Asteroids_SpringLab\application\target\asteroidsnetbeanslab\asteroidsnetbeanslab\config\Modules\sem4-Common.xml
INFO [org.netbeans.updater]: File installed C:\Users\pvies\Dropbox\SDU\SE\4. Semester\Netbeans\4SemExer\Patrick\KOM\Asteroids_SpringLab\application\target\asteroidsnetbeanslab\asteroidsnetbeanslab\modules\sem4-Common.jar@0
INFO [org.netbeans.updater]: Copied file C:\Users\pvies\Dropbox\SDU\SE\4. Semester\Netbeans\4SemExer\Patrick\KOM\Asteroids_SpringLab\application\target\asteroidsnetbeanslab\asteroidsnetbeanslab\update\download\sem4-Common.nbm:netbeans/modules/sem4-Common.jar to C:\Users\pvies\Dropbox\SDU\SE\4. Semester\Netbeans\4SemExer\Patrick\KOM\Asteroids_SpringLab\application\target\asteroidsnetbeanslab\asteroidsnetbeanslab\modules\sem4-Common.jar
INFO [org.netbeans.updater]: File C:\Users\pvies\Dropbox\SDU\SE\4. Semester\Netbeans\4SemExer\Patrick\KOM\Asteroids_SpringLab\application\target\asteroidsnetbeanslab\asteroidsnetbeanslab\update\download\sem4-Common.nbm deleted.
INFO [org.netbeans.updater]: Use XML Transformer: com.sun.org.apache.xalan.internal.xsltc.trax.TransformerImpl@399852f6
INFO [org.netbeans.updater]: File C:\Users\pvies\Dropbox\SDU\SE\4. Semester\Netbeans\4SemExer\Patrick\KOM\Asteroids_SpringLab\application\target\asteroidsnetbeanslab\asteroidsnetbeanslab\update_tracking\sem4-Common.xml modified.
INFO [org.netbeans.updater]: File installed C:\Users\pvies\Dropbox\SDU\SE\4. Semester\Netbeans\4SemExer\Patrick\KOM\Asteroids_SpringLab\application\target\asteroidsnetbeanslab\asteroidsnetbeanslab\update_tracking\sem4-Common.xml@0
INFO [org.netbeans.updater]: File C:\Users\pvies\Dropbox\SDU\SE\4. Semester\Netbeans\4SemExer\Patrick\KOM\Asteroids_SpringLab\application\target\asteroidsnetbeanslab\asteroidsnetbeanslab\update\download\additional_information.xml deleted.
INFO [sem4.silentupdate]: Install new modules done.
Turning on modules...
Loading module services...
Loading modules...
Starting modules...
INFO [org.netbeans.core.startup.NbEvents]: Turning on modules:
	sem4.Common [1.0 1.0-20190516 201905160051]
	sem4.Player [1.0 1.0-20190516 201905160051]
	sem4.Enemy [1.0 1.0-20190516 201905160051]
	sem4.Core [1.0 1.0-20190516 201905160051]
	sem4.Bullet [1.0 1.0-20190516 201905160051]
	sem4.Asteroid [1.0 1.0-20190516 201905160052]
Turning on modules...done.
INFO [sem4.silentupdate]: None for update/install/uninstall
INFO [null]: Last record repeated 2 more times.
INFO [null]: Last record repeated 2 more times.
INFO [null]: Last record repeated 2 more times.
INFO [null]: Last record repeated 2 more times.
INFO [null]: Last record repeated more than 10 times, further logs of this record are ignored until the log record changes.
